<?xml version="1.0" encoding="UTF-8"?>
<!-- Generated by org.testng.reporters.JUnitXMLReporter -->
<testsuite ignored="2" hostname="DESKTOP-2Q79CUE" failures="1" tests="4" name="Smoke" time="16.494" errors="0" timestamp="2021-10-10T11:59:31 IST">
  <testcase classname="testNG.RefiffLoginTest" name="tc01ValidLogin" time="7.503"/>
  <testcase classname="testNG.RefiffLoginTest" name="tc02InValid" time="1.099"/>
  <testcase classname="testNG.RefiffLoginTest" name="tc03Register" time="2.618"/>
  <testcase classname="testNG.RediffPOMTest" name="tc03Register" time="0.002">
    <failure type="java.lang.NullPointerException" message="Cannot invoke &amp;quot;pom.pageExtensions.ReddifLogin.navigateToRegistration()&amp;quot; because &amp;quot;this.rlogin&amp;quot; is null">
      <![CDATA[java.lang.NullPointerException: Cannot invoke "pom.pageExtensions.ReddifLogin.navigateToRegistration()" because "this.rlogin" is null
at testNG.RediffPOMTest.tc03Register(RediffPOMTest.java:21)
at java.base/java.util.ArrayList.forEach(ArrayList.java:1511)
... Removed 27 stack frames]]>
    </failure>
  </testcase> <!-- tc03Register -->
  <testcase classname="testNG.Browsers" name="@AfterTest afterClass" time="0.0">
    <ignored/>
  </testcase> <!-- @AfterTest afterClass -->
  <testcase classname="testNG.Browsers" name="@BeforeTest beforeClass" time="0.0">
    <ignored/>
  </testcase> <!-- @BeforeTest beforeClass -->
</testsuite> <!-- Smoke -->
