<?xml version="1.0" encoding="UTF-8"?>
<!-- Generated by org.testng.reporters.JUnitXMLReporter -->
<testsuite ignored="2" hostname="DESKTOP-2Q79CUE" failures="0" tests="3" name="pri1 Test" time="53.796" errors="0" timestamp="2021-10-05T16:31:48 IST">
  <testcase classname="testNG.MyFirstTest" name="validlogin" time="35.57"/>
  <testcase classname="testNG.GoogleLinkText" name="imageSearch" time="2.844"/>
  <testcase classname="testNG.GoogleLinkText" name="advertize" time="2.511"/>
  <testcase classname="testNG.MyFirstTest" name="invalidlogin" time="0.0">
    <ignored/>
  </testcase> <!-- invalidlogin -->
  <testcase classname="testNG.GoogleLinkText" name="about" time="0.0">
    <ignored/>
  </testcase> <!-- about -->
</testsuite> <!-- pri1 Test -->
