<?xml version="1.0" encoding="UTF-8"?>
<!-- Generated by org.testng.reporters.JUnitXMLReporter -->
<testsuite ignored="0" hostname="DESKTOP-2Q79CUE" failures="0" tests="4" name="Regression" time="0.205" errors="0" timestamp="2021-10-06T15:45:22 IST">
  <testcase classname="testNG.EchoTest" name="@BeforeClass webpage" time="0.021">
    <failure type="java.lang.NullPointerException" message="Cannot invoke &amp;quot;org.openqa.selenium.WebDriver.get(String)&amp;quot; because &amp;quot;this.driver&amp;quot; is null">
      <![CDATA[java.lang.NullPointerException: Cannot invoke "org.openqa.selenium.WebDriver.get(String)" because "this.driver" is null
at testNG.EchoTest.webpage(EchoTest.java:47)
at java.base/java.util.ArrayList.forEach(ArrayList.java:1511)
... Removed 25 stack frames]]>
    </failure>
  </testcase> <!-- @BeforeClass webpage -->
  <testcase classname="testNG.EchoTest" name="@AfterClass closed" time="-1.633515322889E9">
    <skipped/>
  </testcase> <!-- @AfterClass closed -->
  <testcase classname="testNG.EchoTest" name="login" time="0.0">
    <skipped/>
  </testcase> <!-- login -->
  <testcase classname="testNG.EchoTest" name="loginDDT" time="0.0">
    <skipped/>
  </testcase> <!-- loginDDT -->
  <testcase classname="testNG.EchoTest" name="loginDDT" time="0.0">
    <skipped/>
  </testcase> <!-- loginDDT -->
  <testcase classname="testNG.EchoTest" name="loginDDT" time="0.0">
    <skipped/>
  </testcase> <!-- loginDDT -->
</testsuite> <!-- Regression -->
